app/build/intermediates/manifest_merge_blame_file/saferoadBusinessDebug/manifest-merger-blame-saferoadBusiness-debug-report.txt
1<?xml version="1.0" encoding="utf-8"?>
2<manifest xmlns:android="http://schemas.android.com/apk/res/android"
3    package="com.saferoad.business"
4    android:versionCode="50"
5    android:versionName="2.7.1" >
6
7    <uses-sdk
8        android:minSdkVersion="21"
8-->src\main\AndroidManifest.xml
9        android:targetSdkVersion="30" />
9-->src\main\AndroidManifest.xml
10
11    <uses-permission android:name="android.permission.ACCESS_COARSE_LOCATION" />
11-->src\main\AndroidManifest.xml:6:5-81
11-->src\main\AndroidManifest.xml:6:22-78
12    <uses-permission android:name="android.permission.ACCESS_COARSE_LOCATION" />
12-->src\main\AndroidManifest.xml:6:5-81
12-->src\main\AndroidManifest.xml:6:22-78
13    <uses-permission android:name="android.permission.ACCESS_COARSE_LOCATION" />
13-->src\main\AndroidManifest.xml:6:5-81
13-->src\main\AndroidManifest.xml:6:22-78
14    <uses-permission android:name="android.permission.ACCESS_COARSE_LOCATION" />
14-->src\main\AndroidManifest.xml:6:5-81
14-->src\main\AndroidManifest.xml:6:22-78
15    <uses-permission android:name="android.permission.ACCESS_COARSE_LOCATION" />
15-->src\main\AndroidManifest.xml:6:5-81
15-->src\main\AndroidManifest.xml:6:22-78
16    <uses-permission android:name="android.permission.ACCESS_COARSE_LOCATION" />
16-->src\main\AndroidManifest.xml:6:5-81
16-->src\main\AndroidManifest.xml:6:22-78
17    <uses-permission android:name="android.permission.ACCESS_COARSE_LOCATION" />
17-->src\main\AndroidManifest.xml:6:5-81
17-->src\main\AndroidManifest.xml:6:22-78
18    <uses-permission android:name="android.permission.INTERNET" />
18-->src\main\AndroidManifest.xml:13:5-67
18-->src\main\AndroidManifest.xml:13:22-64
19    <uses-permission android:name="android.permission.READ_EXTERNAL_STORAGE" />
19-->src\main\AndroidManifest.xml:14:5-80
19-->src\main\AndroidManifest.xml:14:22-77
20    <uses-permission android:name="android.permission.WRITE_EXTERNAL_STORAGE" />
20-->src\main\AndroidManifest.xml:15:5-81
20-->src\main\AndroidManifest.xml:15:22-78
21
22    <!--
23         The ACCESS_COARSE/FINE_LOCATION permissions are not required to use
24         Google Maps Android API v2, but you must specify either coarse or fine
25         location permissions for the 'MyLocation' functionality.
26    -->
27    <uses-permission android:name="android.permission.ACCESS_FINE_LOCATION" />
27-->src\main\AndroidManifest.xml:22:5-79
27-->src\main\AndroidManifest.xml:22:22-76
28    <uses-permission android:name="android.permission.ACCESS_COARSE_LOCATION" />
28-->src\main\AndroidManifest.xml:6:5-81
28-->src\main\AndroidManifest.xml:6:22-78
29
30    <!-- Include required permissions for Google Maps API to run. -->
31    <uses-permission android:name="android.permission.ACCESS_NETWORK_STATE" />
31-->[com.google.android.gms:play-services-maps:17.0.0] AndroidManifest.xml:23:5-79
31-->[com.google.android.gms:play-services-maps:17.0.0] AndroidManifest.xml:23:22-76
32
33    <uses-feature
33-->[com.google.android.gms:play-services-maps:17.0.0] AndroidManifest.xml:26:5-28:35
34        android:glEsVersion="0x00020000"
34-->[com.google.android.gms:play-services-maps:17.0.0] AndroidManifest.xml:27:9-41
35        android:required="true" />
35-->[com.google.android.gms:play-services-maps:17.0.0] AndroidManifest.xml:28:9-32
36
37    <uses-permission android:name="android.permission.WAKE_LOCK" /> <!-- Required by older versions of Google Play services to create IID tokens -->
37-->[com.google.firebase:firebase-iid:21.0.1] AndroidManifest.xml:24:5-68
37-->[com.google.firebase:firebase-iid:21.0.1] AndroidManifest.xml:24:22-65
38    <uses-permission android:name="com.google.android.c2dm.permission.RECEIVE" />
38-->[com.google.firebase:firebase-iid:21.0.1] AndroidManifest.xml:26:5-82
38-->[com.google.firebase:firebase-iid:21.0.1] AndroidManifest.xml:26:22-79
39    <uses-permission android:name="com.google.android.finsky.permission.BIND_GET_INSTALL_REFERRER_SERVICE" />
39-->[com.google.android.gms:play-services-measurement:18.0.2] AndroidManifest.xml:26:5-110
39-->[com.google.android.gms:play-services-measurement:18.0.2] AndroidManifest.xml:26:22-107
40
41    <application
41-->src\main\AndroidManifest.xml:25:5-136:19
42        android:name="com.application.MyApplication"
42-->src\main\AndroidManifest.xml:26:9-50
43        android:allowBackup="false"
43-->src\main\AndroidManifest.xml:32:9-36
44        android:allowClearUserData="true"
44-->src\main\AndroidManifest.xml:35:9-42
45        android:appComponentFactory="androidx.core.app.CoreComponentFactory"
45-->[androidx.core:core:1.3.1] AndroidManifest.xml:24:18-86
46        android:debuggable="true"
47        android:fullBackupContent="false"
47-->src\main\AndroidManifest.xml:34:9-42
48        android:fullBackupOnly="false"
48-->src\main\AndroidManifest.xml:33:9-39
49        android:icon="@mipmap/ic_logo_2"
49-->src\main\AndroidManifest.xml:27:9-41
50        android:label="@string/app_name"
50-->src\main\AndroidManifest.xml:28:9-41
51        android:largeHeap="true"
51-->src\main\AndroidManifest.xml:29:9-33
52        android:roundIcon="@mipmap/ic_logo_2"
52-->src\main\AndroidManifest.xml:30:9-46
53        android:supportsRtl="true"
53-->src\main\AndroidManifest.xml:31:9-35
54        android:testOnly="true"
55        android:theme="@style/AppTheme" >
55-->src\main\AndroidManifest.xml:36:141-172
56        <uses-library
56-->src\main\AndroidManifest.xml:37:9-88
57            android:name="org.apache.http.legacy"
57-->src\main\AndroidManifest.xml:37:23-60
58            android:required="false" />
58-->src\main\AndroidManifest.xml:37:61-85
59
60        <activity android:name="com.activities.BaseActivity" />
60-->src\main\AndroidManifest.xml:38:9-61
60-->src\main\AndroidManifest.xml:38:19-58
61        <activity
61-->src\main\AndroidManifest.xml:39:9-48:20
62            android:name="com.activities.SplashActivity"
62-->src\main\AndroidManifest.xml:40:13-54
63            android:label="@string/app_name"
63-->src\main\AndroidManifest.xml:41:13-45
64            android:theme="@style/AppTheme.NoActionBar" >
64-->src\main\AndroidManifest.xml:42:13-56
65            <intent-filter>
65-->src\main\AndroidManifest.xml:43:13-47:29
66                <action android:name="android.intent.action.MAIN" />
66-->src\main\AndroidManifest.xml:44:17-69
66-->src\main\AndroidManifest.xml:44:25-66
67
68                <category android:name="android.intent.category.LAUNCHER" />
68-->src\main\AndroidManifest.xml:46:17-77
68-->src\main\AndroidManifest.xml:46:27-74
69            </intent-filter>
70        </activity>
71        <activity
71-->src\main\AndroidManifest.xml:49:9-51:59
72            android:name="com.activities.MainActivity"
72-->src\main\AndroidManifest.xml:50:13-52
73            android:theme="@style/AppTheme.NoActionBar" />
73-->src\main\AndroidManifest.xml:51:13-56
74        <activity
74-->src\main\AndroidManifest.xml:52:9-54:59
75            android:name="com.activities.LoginActivity"
75-->src\main\AndroidManifest.xml:53:13-53
76            android:theme="@style/AppTheme.NoActionBar" />
76-->src\main\AndroidManifest.xml:54:13-56
77
78        <service
78-->src\main\AndroidManifest.xml:56:9-60:39
79            android:name="com.services.SignalRService"
79-->src\main\AndroidManifest.xml:57:13-52
80            android:enabled="true"
80-->src\main\AndroidManifest.xml:58:13-35
81            android:exported="true"
81-->src\main\AndroidManifest.xml:60:13-36
82            android:stopWithTask="false" />
82-->src\main\AndroidManifest.xml:59:13-41
83
84        <meta-data
84-->src\main\AndroidManifest.xml:63:9-66:15
85            android:name="io.fabric.ApiKey"
85-->src\main\AndroidManifest.xml:64:13-44
86            android:value="45a1d84be914e680feff237220af7c223ec3b61c" />
86-->src\main\AndroidManifest.xml:65:13-69
87        <meta-data
87-->src\main\AndroidManifest.xml:69:9-71:52
88            android:name="com.here.android.maps.appid"
88-->src\main\AndroidManifest.xml:70:13-55
89            android:value="ImmOd1YLv3HqpWh7k5eB" />
89-->src\main\AndroidManifest.xml:71:13-49
90        <meta-data
90-->src\main\AndroidManifest.xml:72:9-74:54
91            android:name="com.here.android.maps.apptoken"
91-->src\main\AndroidManifest.xml:73:13-58
92            android:value="u5Ks3qRgOTVWNhHOTP0ChA" />
92-->src\main\AndroidManifest.xml:74:13-51
93        <meta-data
93-->src\main\AndroidManifest.xml:75:9-77:715
94            android:name="com.here.android.maps.license.key"
94-->src\main\AndroidManifest.xml:76:13-61
95            android:value="anEBMjPNgfbmhyMaUtOF3spHDRSgpqCWW1KVN7uXceR/w5OEuCSxvsuX7wPDidFo3w5o/lPJyy/yx0fC8MKKyRVvLcViWMDnAL5zit7XrQb84rBuRTLEF082LuiO267OetoWDKWL3ya2csr9eTLq1W2D3mei2sTCslZrYvsk9pkCp+//in8BsfWWH/K2jbOThB9aaNrh5TX102SACF/5xTPAHT42KdE9kyW9Fu64UoJ0AvfMcHk6P3O7zkxWt5KZOxeSzYUOZc2IcNl99b5u/erp65i7td9A2NRBqhdhQEzhrp8qfvJzFpOdMxq9CnBEZ1X0zPlx1eK6v7BlBXL+NIaLZwYBDNKSCF6mfAl/daGgIhCImZ3rj/4agJzljRcvxrhEe0if7n29e4AiW8ei/VG5XW122i0cgOQTE+ywMkNeuJpFQAGbx+MsxZoFoORGr0ZDVaHv8UU7J71o3OFzLMu/T8D3vi5ocP3GQru9UUGxDtcj2SQUHAdE7egua/vFKvdSXaMj+xvv/N+V44rGwqxxHr8lyWkf8ISuSw1shqmdOUYZETbjgm9fgB9tam2HlZWsgBKrj3MfTQRZ7hR5bXJyYzx3KMuOrshZbtYsudXQ+297Q8W7RW+FRmhv3t844RA2nPSwSbgjARJIKpjZA+ZF1i4YeY9Hs4abmi7b7CU=" />
95-->src\main\AndroidManifest.xml:77:13-713
96
97        <!--
98             The API key for Google Maps-based APIs is defined as a string resource.
99             (See the file "res/values/google_maps_api.xml").
100             Note that the API key is linked to the encryption key used to sign the APK.
101             You need a different API key for each encryption key, including the release key that is used to
102             sign the APK for publishing.
103             You can define the keys for the debug and release targets in src/debug/ and src/release/.
104        -->
105        <!-- <meta-data -->
106        <!-- android:name="com.google.android.geo.API_KEY" -->
107        <!-- android:value="AIzaSyB8CaFPkBKNnwrke1TZQzJB-CNp5NF8PtI" /> -->
108
109        <meta-data
109-->src\main\AndroidManifest.xml:92:9-95:16
110            android:name="com.google.android.geo.API_KEY"
110-->src\main\AndroidManifest.xml:93:13-58
111            android:value="@string/google_maps_keys" />
111-->src\main\AndroidManifest.xml:94:13-53
112
113        <service android:name="com.services.MyFirebaseMessagingService" >
113-->src\main\AndroidManifest.xml:99:9-103:19
113-->src\main\AndroidManifest.xml:99:18-69
114            <intent-filter>
114-->src\main\AndroidManifest.xml:100:13-102:29
115                <action android:name="com.google.firebase.MESSAGING_EVENT" />
115-->src\main\AndroidManifest.xml:101:17-78
115-->src\main\AndroidManifest.xml:101:25-75
116            </intent-filter>
117        </service>
118        <service android:name="com.services.MyFirebaseInstanceIDService" >
118-->src\main\AndroidManifest.xml:104:9-108:19
118-->src\main\AndroidManifest.xml:104:18-70
119            <intent-filter>
119-->src\main\AndroidManifest.xml:105:13-107:29
120                <action android:name="com.google.firebase.INSTANCE_ID_EVENT" />
120-->src\main\AndroidManifest.xml:106:17-80
120-->src\main\AndroidManifest.xml:106:25-77
121            </intent-filter>
122        </service>
123
124        <!--
125     Set custom default icon. This is used when no icon is set for incoming notification messages.
126     See README(https://goo.gl/l4GJaQ) for more.
127        -->
128        <meta-data
128-->src\main\AndroidManifest.xml:114:9-116:49
129            android:name="com.google.firebase.messaging.default_notification_icon"
129-->src\main\AndroidManifest.xml:115:13-83
130            android:resource="@drawable/logo" />
130-->src\main\AndroidManifest.xml:116:13-46
131
132        <!--
133             Set color used with incoming notification messages. This is used when no color is set for the incoming
134             notification message. See README(https://goo.gl/6BKBk7) for more.
135        -->
136        <meta-data
136-->src\main\AndroidManifest.xml:122:9-124:53
137            android:name="com.google.firebase.messaging.default_notification_color"
137-->src\main\AndroidManifest.xml:123:13-84
138            android:resource="@color/colorAccent" />
138-->src\main\AndroidManifest.xml:124:13-50
139        <meta-data
139-->src\main\AndroidManifest.xml:125:9-127:71
140            android:name="com.google.firebase.messaging.default_notification_channel_id"
140-->src\main\AndroidManifest.xml:126:13-89
141            android:value="@string/default_notification_channel_id" />
141-->src\main\AndroidManifest.xml:127:13-68
142
143        <activity
143-->src\main\AndroidManifest.xml:129:9-131:59
144            android:name="com.activities.AddReportsActivity"
144-->src\main\AndroidManifest.xml:130:13-58
145            android:theme="@style/AppTheme.NoActionBar" />
145-->src\main\AndroidManifest.xml:131:13-56
146        <activity
146-->src\main\AndroidManifest.xml:133:9-135:59
147            android:name="com.activities.AddReportsSingleActivity"
147-->src\main\AndroidManifest.xml:134:13-64
148            android:theme="@style/AppTheme.NoActionBar" />
148-->src\main\AndroidManifest.xml:135:13-56
149
150        <meta-data
150-->[com.google.maps.android:android-maps-utils:2.2.0] AndroidManifest.xml:12:9-14:69
151            android:name="com.google.android.gms.version"
151-->[com.google.maps.android:android-maps-utils:2.2.0] AndroidManifest.xml:13:13-58
152            android:value="@integer/google_play_services_version" />
152-->[com.google.maps.android:android-maps-utils:2.2.0] AndroidManifest.xml:14:13-66
153        <!--
154             FirebaseMessagingService performs security checks at runtime,
155             but set to not exported to explicitly avoid allowing another app to call it.
156        -->
157        <service
157-->[com.google.firebase:firebase-messaging:21.0.1] AndroidManifest.xml:28:9-35:19
158            android:name="com.google.firebase.messaging.FirebaseMessagingService"
158-->[com.google.firebase:firebase-messaging:21.0.1] AndroidManifest.xml:29:13-82
159            android:directBootAware="true"
159-->[com.google.firebase:firebase-messaging:21.0.1] AndroidManifest.xml:30:13-43
160            android:exported="false" >
160-->[com.google.firebase:firebase-messaging:21.0.1] AndroidManifest.xml:31:13-37
161            <intent-filter android:priority="-500" >
161-->src\main\AndroidManifest.xml:100:13-102:29
162                <action android:name="com.google.firebase.MESSAGING_EVENT" />
162-->src\main\AndroidManifest.xml:101:17-78
162-->src\main\AndroidManifest.xml:101:25-75
163            </intent-filter>
164        </service>
165        <service
165-->[com.google.firebase:firebase-messaging:21.0.1] AndroidManifest.xml:36:9-42:19
166            android:name="com.google.firebase.components.ComponentDiscoveryService"
166-->[com.google.firebase:firebase-messaging:21.0.1] AndroidManifest.xml:37:13-84
167            android:directBootAware="true"
167-->[com.google.firebase:firebase-common:19.5.0] AndroidManifest.xml:35:13-43
168            android:exported="false" >
168-->[com.google.firebase:firebase-messaging:21.0.1] AndroidManifest.xml:38:13-37
169            <meta-data
169-->[com.google.firebase:firebase-messaging:21.0.1] AndroidManifest.xml:39:13-41:85
170                android:name="com.google.firebase.components:com.google.firebase.messaging.FirebaseMessagingRegistrar"
170-->[com.google.firebase:firebase-messaging:21.0.1] AndroidManifest.xml:40:17-119
171                android:value="com.google.firebase.components.ComponentRegistrar" />
171-->[com.google.firebase:firebase-messaging:21.0.1] AndroidManifest.xml:41:17-82
172            <meta-data
172-->[com.google.firebase:firebase-database:19.6.0] AndroidManifest.xml:32:13-34:85
173                android:name="com.google.firebase.components:com.google.firebase.database.DatabaseRegistrar"
173-->[com.google.firebase:firebase-database:19.6.0] AndroidManifest.xml:33:17-109
174                android:value="com.google.firebase.components.ComponentRegistrar" />
174-->[com.google.firebase:firebase-database:19.6.0] AndroidManifest.xml:34:17-82
175            <meta-data
175-->[com.google.firebase:firebase-iid:21.0.1] AndroidManifest.xml:32:13-34:85
176                android:name="com.google.firebase.components:com.google.firebase.iid.Registrar"
176-->[com.google.firebase:firebase-iid:21.0.1] AndroidManifest.xml:33:17-96
177                android:value="com.google.firebase.components.ComponentRegistrar" />
177-->[com.google.firebase:firebase-iid:21.0.1] AndroidManifest.xml:34:17-82
178            <meta-data
178-->[com.google.android.gms:play-services-measurement-api:18.0.2] AndroidManifest.xml:30:13-32:85
179                android:name="com.google.firebase.components:com.google.firebase.analytics.connector.internal.AnalyticsConnectorRegistrar"
179-->[com.google.android.gms:play-services-measurement-api:18.0.2] AndroidManifest.xml:31:17-139
180                android:value="com.google.firebase.components.ComponentRegistrar" />
180-->[com.google.android.gms:play-services-measurement-api:18.0.2] AndroidManifest.xml:32:17-82
181            <meta-data
181-->[com.google.firebase:firebase-datatransport:17.0.10] AndroidManifest.xml:28:13-30:85
182                android:name="com.google.firebase.components:com.google.firebase.datatransport.TransportRegistrar"
182-->[com.google.firebase:firebase-datatransport:17.0.10] AndroidManifest.xml:29:17-115
183                android:value="com.google.firebase.components.ComponentRegistrar" />
183-->[com.google.firebase:firebase-datatransport:17.0.10] AndroidManifest.xml:30:17-82
184            <meta-data
184-->[com.google.firebase:firebase-installations:16.3.5] AndroidManifest.xml:18:13-20:85
185                android:name="com.google.firebase.components:com.google.firebase.installations.FirebaseInstallationsRegistrar"
185-->[com.google.firebase:firebase-installations:16.3.5] AndroidManifest.xml:19:17-127
186                android:value="com.google.firebase.components.ComponentRegistrar" />
186-->[com.google.firebase:firebase-installations:16.3.5] AndroidManifest.xml:20:17-82
187            <!--
188                This registrar is not defined in the dynamic-module-support sdk itself to allow non-firebase
189                clients to use it as well, by defining this registrar in their own core/common library.
190            -->
191            <meta-data
191-->[com.google.firebase:firebase-common:19.5.0] AndroidManifest.xml:43:13-45:85
192                android:name="com.google.firebase.components:com.google.firebase.dynamicloading.DynamicLoadingRegistrar"
192-->[com.google.firebase:firebase-common:19.5.0] AndroidManifest.xml:44:17-121
193                android:value="com.google.firebase.components.ComponentRegistrar" />
193-->[com.google.firebase:firebase-common:19.5.0] AndroidManifest.xml:45:17-82
194        </service>
195
196        <receiver
196-->[com.google.firebase:firebase-iid:21.0.1] AndroidManifest.xml:37:9-44:20
197            android:name="com.google.firebase.iid.FirebaseInstanceIdReceiver"
197-->[com.google.firebase:firebase-iid:21.0.1] AndroidManifest.xml:38:13-78
198            android:exported="true"
198-->[com.google.firebase:firebase-iid:21.0.1] AndroidManifest.xml:39:13-36
199            android:permission="com.google.android.c2dm.permission.SEND" >
199-->[com.google.firebase:firebase-iid:21.0.1] AndroidManifest.xml:40:13-73
200            <intent-filter>
200-->[com.google.firebase:firebase-iid:21.0.1] AndroidManifest.xml:41:13-43:29
201                <action android:name="com.google.android.c2dm.intent.RECEIVE" />
201-->[com.google.firebase:firebase-iid:21.0.1] AndroidManifest.xml:42:17-81
201-->[com.google.firebase:firebase-iid:21.0.1] AndroidManifest.xml:42:25-78
202            </intent-filter>
203        </receiver>
204
205        <activity
205-->[com.google.android.gms:play-services-base:17.5.0] AndroidManifest.xml:23:9-26:75
206            android:name="com.google.android.gms.common.api.GoogleApiActivity"
206-->[com.google.android.gms:play-services-base:17.5.0] AndroidManifest.xml:24:13-79
207            android:exported="false"
207-->[com.google.android.gms:play-services-base:17.5.0] AndroidManifest.xml:25:13-37
208            android:theme="@android:style/Theme.Translucent.NoTitleBar" /> <!-- Include the AdActivity and InAppPurchaseActivity configChanges and themes. -->
208-->[com.google.android.gms:play-services-base:17.5.0] AndroidManifest.xml:26:13-72
209        <activity
209-->[com.google.android.gms:play-services-ads-lite:9.8.0] AndroidManifest.xml:25:9-232
210            android:name="com.google.android.gms.ads.AdActivity"
210-->[com.google.android.gms:play-services-ads-lite:9.8.0] AndroidManifest.xml:25:19-71
211            android:configChanges="keyboard|keyboardHidden|orientation|screenLayout|uiMode|screenSize|smallestScreenSize"
211-->[com.google.android.gms:play-services-ads-lite:9.8.0] AndroidManifest.xml:25:72-181
212            android:theme="@android:style/Theme.Translucent" />
212-->[com.google.android.gms:play-services-ads-lite:9.8.0] AndroidManifest.xml:25:182-230
213        <activity
213-->[com.google.android.gms:play-services-ads-lite:9.8.0] AndroidManifest.xml:26:9-131
214            android:name="com.google.android.gms.ads.purchase.InAppPurchaseActivity"
214-->[com.google.android.gms:play-services-ads-lite:9.8.0] AndroidManifest.xml:26:19-91
215            android:theme="@style/Theme.IAPTheme" />
215-->[com.google.android.gms:play-services-ads-lite:9.8.0] AndroidManifest.xml:26:92-129
216
217        <receiver
217-->[com.google.android.gms:play-services-measurement:18.0.2] AndroidManifest.xml:29:9-33:20
218            android:name="com.google.android.gms.measurement.AppMeasurementReceiver"
218-->[com.google.android.gms:play-services-measurement:18.0.2] AndroidManifest.xml:30:13-85
219            android:enabled="true"
219-->[com.google.android.gms:play-services-measurement:18.0.2] AndroidManifest.xml:31:13-35
220            android:exported="false" >
220-->[com.google.android.gms:play-services-measurement:18.0.2] AndroidManifest.xml:32:13-37
221        </receiver>
222
223        <service
223-->[com.google.android.gms:play-services-measurement:18.0.2] AndroidManifest.xml:35:9-38:40
224            android:name="com.google.android.gms.measurement.AppMeasurementService"
224-->[com.google.android.gms:play-services-measurement:18.0.2] AndroidManifest.xml:36:13-84
225            android:enabled="true"
225-->[com.google.android.gms:play-services-measurement:18.0.2] AndroidManifest.xml:37:13-35
226            android:exported="false" />
226-->[com.google.android.gms:play-services-measurement:18.0.2] AndroidManifest.xml:38:13-37
227        <service
227-->[com.google.android.gms:play-services-measurement:18.0.2] AndroidManifest.xml:39:9-43:72
228            android:name="com.google.android.gms.measurement.AppMeasurementJobService"
228-->[com.google.android.gms:play-services-measurement:18.0.2] AndroidManifest.xml:40:13-87
229            android:enabled="true"
229-->[com.google.android.gms:play-services-measurement:18.0.2] AndroidManifest.xml:41:13-35
230            android:exported="false"
230-->[com.google.android.gms:play-services-measurement:18.0.2] AndroidManifest.xml:42:13-37
231            android:permission="android.permission.BIND_JOB_SERVICE" />
231-->[com.google.android.gms:play-services-measurement:18.0.2] AndroidManifest.xml:43:13-69
232
233        <provider
233-->[com.google.firebase:firebase-common:19.5.0] AndroidManifest.xml:26:9-31:39
234            android:name="com.google.firebase.provider.FirebaseInitProvider"
234-->[com.google.firebase:firebase-common:19.5.0] AndroidManifest.xml:27:13-77
235            android:authorities="com.saferoad.business.firebaseinitprovider"
235-->[com.google.firebase:firebase-common:19.5.0] AndroidManifest.xml:28:13-72
236            android:directBootAware="true"
236-->[com.google.firebase:firebase-common:19.5.0] AndroidManifest.xml:29:13-43
237            android:exported="false"
237-->[com.google.firebase:firebase-common:19.5.0] AndroidManifest.xml:30:13-37
238            android:initOrder="100" />
238-->[com.google.firebase:firebase-common:19.5.0] AndroidManifest.xml:31:13-36
239
240        <service
240-->[com.google.android.datatransport:transport-backend-cct:2.3.3] AndroidManifest.xml:29:9-35:19
241            android:name="com.google.android.datatransport.runtime.backends.TransportBackendDiscovery"
241-->[com.google.android.datatransport:transport-backend-cct:2.3.3] AndroidManifest.xml:30:13-103
242            android:exported="false" >
242-->[com.google.android.datatransport:transport-backend-cct:2.3.3] AndroidManifest.xml:31:13-37
243            <meta-data
243-->[com.google.android.datatransport:transport-backend-cct:2.3.3] AndroidManifest.xml:32:13-34:39
244                android:name="backend:com.google.android.datatransport.cct.CctBackendFactory"
244-->[com.google.android.datatransport:transport-backend-cct:2.3.3] AndroidManifest.xml:33:17-94
245                android:value="cct" />
245-->[com.google.android.datatransport:transport-backend-cct:2.3.3] AndroidManifest.xml:34:17-36
246        </service>
247        <service
247-->[com.google.android.datatransport:transport-runtime:2.2.5] AndroidManifest.xml:26:9-30:19
248            android:name="com.google.android.datatransport.runtime.scheduling.jobscheduling.JobInfoSchedulerService"
248-->[com.google.android.datatransport:transport-runtime:2.2.5] AndroidManifest.xml:27:13-117
249            android:exported="false"
249-->[com.google.android.datatransport:transport-runtime:2.2.5] AndroidManifest.xml:28:13-37
250            android:permission="android.permission.BIND_JOB_SERVICE" >
250-->[com.google.android.datatransport:transport-runtime:2.2.5] AndroidManifest.xml:29:13-69
251        </service>
252
253        <receiver
253-->[com.google.android.datatransport:transport-runtime:2.2.5] AndroidManifest.xml:32:9-34:40
254            android:name="com.google.android.datatransport.runtime.scheduling.jobscheduling.AlarmManagerSchedulerBroadcastReceiver"
254-->[com.google.android.datatransport:transport-runtime:2.2.5] AndroidManifest.xml:33:13-132
255            android:exported="false" />
255-->[com.google.android.datatransport:transport-runtime:2.2.5] AndroidManifest.xml:34:13-37
256    </application>
257
258</manifest>